# JRE version: OpenJDK Runtime Environment (8.0_162-b12) (build 1.8.0_162-8u162-b12-1~14.04-b12)
# Java VM: OpenJDK 64-Bit Server VM (25.162-b12 mixed mode linux-amd64 compressed oops)
Heap:
 PSYoungGen      total 447488K, used 0K [0x00000000d7900000, 0x0000000100000000, 0x0000000100000000)
  eden space 239616K, 0% used [0x00000000d7900000,0x00000000d7900000,0x00000000e6300000)
  from space 207872K, 0% used [0x00000000e6300000,0x00000000e6300000,0x00000000f2e00000)
  to   space 209920K, 0% used [0x00000000f3300000,0x00000000f3300000,0x0000000100000000)
 ParOldGen       total 865792K, used 860500K [0x0000000086a00000, 0x00000000bb780000, 0x00000000d7900000)
  object space 865792K, 99% used [0x0000000086a00000,0x00000000bb255020,0x00000000bb780000)
 Metaspace       used 19140K, capacity 19888K, committed 20224K, reserved 1067008K
  class space    used 2601K, capacity 2719K, committed 2816K, reserved 1048576K
GC Heap History (10 events):
Event: 28.763 GC heap after
Heap after GC invocations=30 (full 5):
 PSYoungGen      total 268800K, used 47616K [0x00000000d7900000, 0x00000000ff900000, 0x0000000100000000)
  eden space 221184K, 0% used [0x00000000d7900000,0x00000000d7900000,0x00000000e5100000)
  from space 47616K, 100% used [0x00000000e5100000,0x00000000e7f80000,0x00000000e7f80000)
  to   space 217088K, 0% used [0x00000000f2500000,0x00000000f2500000,0x00000000ff900000)
 ParOldGen       total 865792K, used 745785K [0x0000000086a00000, 0x00000000bb780000, 0x00000000d7900000)
  object space 865792K, 86% used [0x0000000086a00000,0x00000000b424e4b0,0x00000000bb780000)
 Metaspace       used 19140K, capacity 19888K, committed 20224K, reserved 1067008K
  class space    used 2601K, capacity 2719K, committed 2816K, reserved 1048576K
}
Event: 29.017 GC heap before
{Heap before GC invocations=31 (full 5):
 PSYoungGen      total 268800K, used 268800K [0x00000000d7900000, 0x00000000ff900000, 0x0000000100000000)
  eden space 221184K, 100% used [0x00000000d7900000,0x00000000e5100000,0x00000000e5100000)
  from space 47616K, 100% used [0x00000000e5100000,0x00000000e7f80000,0x00000000e7f80000)
  to   space 217088K, 0% used [0x00000000f2500000,0x00000000f2500000,0x00000000ff900000)
 ParOldGen       total 865792K, used 745785K [0x0000000086a00000, 0x00000000bb780000, 0x00000000d7900000)
  object space 865792K, 86% used [0x0000000086a00000,0x00000000b424e4b0,0x00000000bb780000)
 Metaspace       used 19140K, capacity 19888K, committed 20224K, reserved 1067008K
  class space    used 2601K, capacity 2719K, committed 2816K, reserved 1048576K
Event: 29.203 GC heap after
Heap after GC invocations=31 (full 5):
 PSYoungGen      total 451072K, used 86272K [0x00000000d7900000, 0x00000000fff00000, 0x0000000100000000)
  eden space 233984K, 0% used [0x00000000d7900000,0x00000000d7900000,0x00000000e5d80000)
  from space 217088K, 39% used [0x00000000f2500000,0x00000000f7940000,0x00000000ff900000)
  to   space 204288K, 0% used [0x00000000e5d80000,0x00000000e5d80000,0x00000000f2500000)
 ParOldGen       total 865792K, used 745785K [0x0000000086a00000, 0x00000000bb780000, 0x00000000d7900000)
  object space 865792K, 86% used [0x0000000086a00000,0x00000000b424e4b0,0x00000000bb780000)
 Metaspace       used 19140K, capacity 19888K, committed 20224K, reserved 1067008K
  class space    used 2601K, capacity 2719K, committed 2816K, reserved 1048576K
}
Event: 29.475 GC heap before
{Heap before GC invocations=32 (full 5):
 PSYoungGen      total 451072K, used 320256K [0x00000000d7900000, 0x00000000fff00000, 0x0000000100000000)
  eden space 233984K, 100% used [0x00000000d7900000,0x00000000e5d80000,0x00000000e5d80000)
  from space 217088K, 39% used [0x00000000f2500000,0x00000000f7940000,0x00000000ff900000)
  to   space 204288K, 0% used [0x00000000e5d80000,0x00000000e5d80000,0x00000000f2500000)
 ParOldGen       total 865792K, used 745785K [0x0000000086a00000, 0x00000000bb780000, 0x00000000d7900000)
  object space 865792K, 86% used [0x0000000086a00000,0x00000000b424e4b0,0x00000000bb780000)
 Metaspace       used 19140K, capacity 19888K, committed 20224K, reserved 1067008K
  class space    used 2601K, capacity 2719K, committed 2816K, reserved 1048576K
Event: 29.711 GC heap after
Heap after GC invocations=32 (full 5):
 PSYoungGen      total 438272K, used 123840K [0x00000000d7900000, 0x00000000ff780000, 0x0000000100000000)
  eden space 233984K, 0% used [0x00000000d7900000,0x00000000d7900000,0x00000000e5d80000)
  from space 204288K, 60% used [0x00000000e5d80000,0x00000000ed670000,0x00000000f2500000)
  to   space 206336K, 0% used [0x00000000f2e00000,0x00000000f2e00000,0x00000000ff780000)
 ParOldGen       total 865792K, used 745785K [0x0000000086a00000, 0x00000000bb780000, 0x00000000d7900000)
  object space 865792K, 86% used [0x0000000086a00000,0x00000000b424e4b0,0x00000000bb780000)
 Metaspace       used 19140K, capacity 19888K, committed 20224K, reserved 1067008K
  class space    used 2601K, capacity 2719K, committed 2816K, reserved 1048576K
}
Event: 29.999 GC heap before
{Heap before GC invocations=33 (full 5):
 PSYoungGen      total 438272K, used 357824K [0x00000000d7900000, 0x00000000ff780000, 0x0000000100000000)
  eden space 233984K, 100% used [0x00000000d7900000,0x00000000e5d80000,0x00000000e5d80000)
  from space 204288K, 60% used [0x00000000e5d80000,0x00000000ed670000,0x00000000f2500000)
  to   space 206336K, 0% used [0x00000000f2e00000,0x00000000f2e00000,0x00000000ff780000)
 ParOldGen       total 865792K, used 745785K [0x0000000086a00000, 0x00000000bb780000, 0x00000000d7900000)
  object space 865792K, 86% used [0x0000000086a00000,0x00000000b424e4b0,0x00000000bb780000)
 Metaspace       used 19140K, capacity 19888K, committed 20224K, reserved 1067008K
  class space    used 2601K, capacity 2719K, committed 2816K, reserved 1048576K
Event: 30.509 GC heap after
Heap after GC invocations=33 (full 5):
 PSYoungGen      total 445952K, used 126496K [0x00000000d7900000, 0x0000000100000000, 0x0000000100000000)
  eden space 239616K, 0% used [0x00000000d7900000,0x00000000d7900000,0x00000000e6300000)
  from space 206336K, 61% used [0x00000000f2e00000,0x00000000fa988000,0x00000000ff780000)
  to   space 207872K, 0% used [0x00000000e6300000,0x00000000e6300000,0x00000000f2e00000)
 ParOldGen       total 865792K, used 778945K [0x0000000086a00000, 0x00000000bb780000, 0x00000000d7900000)
  object space 865792K, 89% used [0x0000000086a00000,0x00000000b62b04b0,0x00000000bb780000)
 Metaspace       used 19140K, capacity 19888K, committed 20224K, reserved 1067008K
  class space    used 2601K, capacity 2719K, committed 2816K, reserved 1048576K
}
Event: 30.835 GC heap before
{Heap before GC invocations=34 (full 5):
 PSYoungGen      total 445952K, used 366112K [0x00000000d7900000, 0x0000000100000000, 0x0000000100000000)
  eden space 239616K, 100% used [0x00000000d7900000,0x00000000e6300000,0x00000000e6300000)
  from space 206336K, 61% used [0x00000000f2e00000,0x00000000fa988000,0x00000000ff780000)
  to   space 207872K, 0% used [0x00000000e6300000,0x00000000e6300000,0x00000000f2e00000)
 ParOldGen       total 865792K, used 778945K [0x0000000086a00000, 0x00000000bb780000, 0x00000000d7900000)
  object space 865792K, 89% used [0x0000000086a00000,0x00000000b62b04b0,0x00000000bb780000)
 Metaspace       used 19140K, capacity 19888K, committed 20224K, reserved 1067008K
  class space    used 2601K, capacity 2719K, committed 2816K, reserved 1048576K
Event: 31.203 GC heap after
Heap after GC invocations=34 (full 5):
 PSYoungGen      total 447488K, used 129664K [0x00000000d7900000, 0x0000000100000000, 0x0000000100000000)
  eden space 239616K, 0% used [0x00000000d7900000,0x00000000d7900000,0x00000000e6300000)
  from space 207872K, 62% used [0x00000000e6300000,0x00000000ee1a0000,0x00000000f2e00000)
  to   space 209920K, 0% used [0x00000000f3300000,0x00000000f3300000,0x0000000100000000)
 ParOldGen       total 865792K, used 812137K [0x0000000086a00000, 0x00000000bb780000, 0x00000000d7900000)
  object space 865792K, 93% used [0x0000000086a00000,0x00000000b831a4b0,0x00000000bb780000)
 Metaspace       used 19140K, capacity 19888K, committed 20224K, reserved 1067008K
  class space    used 2601K, capacity 2719K, committed 2816K, reserved 1048576K
}
Event: 31.203 GC heap before
{Heap before GC invocations=35 (full 6):
 PSYoungGen      total 447488K, used 129664K [0x00000000d7900000, 0x0000000100000000, 0x0000000100000000)
  eden space 239616K, 0% used [0x00000000d7900000,0x00000000d7900000,0x00000000e6300000)
  from space 207872K, 62% used [0x00000000e6300000,0x00000000ee1a0000,0x00000000f2e00000)
  to   space 209920K, 0% used [0x00000000f3300000,0x00000000f3300000,0x0000000100000000)
 ParOldGen       total 865792K, used 812137K [0x0000000086a00000, 0x00000000bb780000, 0x00000000d7900000)
  object space 865792K, 93% used [0x0000000086a00000,0x00000000b831a4b0,0x00000000bb780000)
 Metaspace       used 19140K, capacity 19888K, committed 20224K, reserved 1067008K
  class space    used 2601K, capacity 2719K, committed 2816K, reserved 1048576K

